[14:57:47] [main/INFO] (FabricLoader/GameProvider) Loading Minecraft 1.21.1 with Fabric Loader 0.16.3
[14:57:47] [main/INFO] (FabricLoader) Loading 55 mods:
	- fabric-api 0.102.0+1.21.1
	- fabric-api-base 0.4.42+6573ed8c6a
	- fabric-api-lookup-api-v1 1.6.68+b55973446a
	- fabric-biome-api-v1 13.0.29+5bd9f1bc6a
	- fabric-block-api-v1 1.0.22+0af3f5a76a
	- fabric-block-view-api-v2 1.0.10+6573ed8c6a
	- fabric-blockrenderlayer-v1 1.1.52+0af3f5a76a
	- fabric-client-tags-api-v1 1.1.15+6573ed8c6a
	- fabric-command-api-v1 1.2.49+f71b366f6a
	- fabric-command-api-v2 2.2.28+6ced4dd96a
	- fabric-commands-v0 0.2.66+df3654b36a
	- fabric-content-registries-v0 8.0.16+b55973446a
	- fabric-convention-tags-v1 2.0.19+7f945d5b6a
	- fabric-convention-tags-v2 2.5.0+c5e2b5c66a
	- fabric-crash-report-info-v1 0.2.29+0af3f5a76a
	- fabric-data-attachment-api-v1 1.1.27+1daea2156a
	- fabric-data-generation-api-v1 20.2.16+16c4ae256a
	- fabric-dimensions-v1 4.0.0+6fc22b996a
	- fabric-entity-events-v1 1.6.12+6fc22b996a
	- fabric-events-interaction-v0 0.7.12+ba9dae066a
	- fabric-game-rule-api-v1 1.0.53+6ced4dd96a
	- fabric-gametest-api-v1 2.0.4+6fc22b996a
	- fabric-item-api-v1 11.0.0+afdfc9216a
	- fabric-item-group-api-v1 4.1.4+780172706a
	- fabric-key-binding-api-v1 1.0.47+0af3f5a76a
	- fabric-keybindings-v0 0.2.45+df3654b36a
	- fabric-lifecycle-events-v1 2.3.12+6c1df3606a
	- fabric-loot-api-v2 3.0.14+3f89f5a56a
	- fabric-loot-api-v3 1.0.2+3f89f5a56a
	- fabric-message-api-v1 6.0.13+6573ed8c6a
	- fabric-model-loading-api-v1 2.0.0+fe474d6b6a
	- fabric-networking-api-v1 4.2.2+60c3209b6a
	- fabric-object-builder-api-v1 15.2.0+40875a936a
	- fabric-particles-v1 4.0.2+6573ed8c6a
	- fabric-recipe-api-v1 5.0.12+650897126a
	- fabric-registry-sync-v0 5.1.2+60c3209b6a
	- fabric-renderer-api-v1 3.4.0+c705a49c6a
	- fabric-renderer-indigo 1.7.0+c705a49c6a
	- fabric-renderer-registries-v1 3.2.68+df3654b36a
	- fabric-rendering-data-attachment-v1 0.3.48+73761d2e6a
	- fabric-rendering-fluids-v1 3.1.6+1daea2156a
	- fabric-rendering-v0 1.1.71+df3654b36a
	- fabric-rendering-v1 5.0.5+df16efd06a
	- fabric-resource-conditions-api-v1 4.3.0+8dc279b16a
	- fabric-resource-loader-v0 1.3.0+565991296a
	- fabric-screen-api-v1 2.0.24+b55973446a
	- fabric-screen-handler-api-v1 1.3.86+b55973446a
	- fabric-sound-api-v1 1.0.23+6573ed8c6a
	- fabric-transfer-api-v1 5.1.16+3dccd3436a
	- fabric-transitive-access-wideners-v1 6.1.0+1daea2156a
	- fabricloader 0.16.3
	- java 21
	- minecraft 1.21.1
	- mixinextras 0.4.1
	- ultimate_swords 1.0.0
[14:57:47] [main/INFO] (FabricLoader/Mixin) SpongePowered MIXIN Subsystem Version=0.8.7 Source=file:/home/virat/.gradle/caches/modules-2/files-2.1/net.fabricmc/sponge-mixin/0.15.2+mixin.0.8.7/2af2f021d8e02a0220dc27a7a72b4666d66d44ca/sponge-mixin-0.15.2+mixin.0.8.7.jar Service=Knot/Fabric Env=CLIENT
[14:57:47] [main/INFO] (FabricLoader/Mixin) Loaded Fabric development mappings for mixin remapper!
[14:57:47] [main/INFO] (FabricLoader/Mixin) Compatibility level set to JAVA_17
[14:57:47] [main/INFO] (FabricLoader/Mixin) Compatibility level set to JAVA_21
[14:57:48] [main/INFO] (FabricLoader/MixinExtras|Service) Initializing MixinExtras via com.llamalad7.mixinextras.service.MixinExtrasServiceImpl(version=0.4.1).
[14:57:49] [Datafixer Bootstrap/INFO] (Minecraft) 226 Datafixer optimizations took 267 milliseconds
[14:57:54] [Render thread/INFO] (Minecraft) Environment: Environment[sessionHost=https://sessionserver.mojang.com, servicesHost=https://api.minecraftservices.com, name=PROD]
[14:57:54] [Render thread/INFO] (Minecraft) Setting user: Player517
[14:57:54] [Render thread/INFO] (ultimate_swords) Initializing Ultimate Swords Mod!
[14:57:54] [Render thread/INFO] (ultimate_swords) Ultimate Swords Mod initialized successfully!
[14:57:54] [Render thread/INFO] (Indigo) [Indigo] Registering Indigo renderer!
[14:57:55] [Render thread/INFO] (Minecraft) Backend library: LWJGL version 3.3.3-snapshot
[14:57:56] [Render thread/INFO] (Minecraft) Reloading ResourceManager: vanilla, fabric, fabric-api, fabric-api-base, fabric-api-lookup-api-v1, fabric-biome-api-v1, fabric-block-api-v1, fabric-block-view-api-v2, fabric-blockrenderlayer-v1, fabric-client-tags-api-v1, fabric-command-api-v1, fabric-command-api-v2, fabric-commands-v0, fabric-content-registries-v0, fabric-convention-tags-v1, fabric-convention-tags-v2, fabric-crash-report-info-v1, fabric-data-attachment-api-v1, fabric-data-generation-api-v1, fabric-dimensions-v1, fabric-entity-events-v1, fabric-events-interaction-v0, fabric-game-rule-api-v1, fabric-gametest-api-v1, fabric-item-api-v1, fabric-item-group-api-v1, fabric-key-binding-api-v1, fabric-keybindings-v0, fabric-lifecycle-events-v1, fabric-loot-api-v2, fabric-loot-api-v3, fabric-message-api-v1, fabric-model-loading-api-v1, fabric-networking-api-v1, fabric-object-builder-api-v1, fabric-particles-v1, fabric-recipe-api-v1, fabric-registry-sync-v0, fabric-renderer-api-v1, fabric-renderer-indigo, fabric-renderer-registries-v1, fabric-rendering-data-attachment-v1, fabric-rendering-fluids-v1, fabric-rendering-v0, fabric-rendering-v1, fabric-resource-conditions-api-v1, fabric-resource-loader-v0, fabric-screen-api-v1, fabric-screen-handler-api-v1, fabric-sound-api-v1, fabric-transfer-api-v1, fabric-transitive-access-wideners-v1, fabricloader, ultimate_swords
[14:57:56] [Worker-Main-10/INFO] (Minecraft) Found unifont_all_no_pua-15.1.05.hex, loading
[14:57:56] [Worker-Main-4/INFO] (Minecraft) Found unifont_jp_patch-15.1.05.hex, loading
[14:57:58] [Render thread/WARN] (Minecraft) Missing sound for event: minecraft:item.goat_horn.play
[14:57:58] [Render thread/WARN] (Minecraft) Missing sound for event: minecraft:entity.goat.screaming.horn_break
[14:57:58] [Render thread/INFO] (Minecraft) OpenAL initialized on device Built-in Audio Analog Stereo
[14:57:58] [Render thread/INFO] (Minecraft) Sound engine started
[14:57:58] [Render thread/INFO] (Minecraft) Created: 1024x512x4 minecraft:textures/atlas/blocks.png-atlas
[14:57:58] [Render thread/INFO] (Minecraft) Created: 256x256x4 minecraft:textures/atlas/signs.png-atlas
[14:57:58] [Render thread/INFO] (Minecraft) Created: 512x512x4 minecraft:textures/atlas/shield_patterns.png-atlas
[14:57:58] [Render thread/INFO] (Minecraft) Created: 512x512x4 minecraft:textures/atlas/banner_patterns.png-atlas
[14:57:58] [Render thread/INFO] (Minecraft) Created: 1024x1024x4 minecraft:textures/atlas/armor_trims.png-atlas
[14:57:58] [Render thread/INFO] (Minecraft) Created: 256x256x4 minecraft:textures/atlas/chest.png-atlas
[14:57:58] [Render thread/INFO] (Minecraft) Created: 128x64x4 minecraft:textures/atlas/decorated_pot.png-atlas
[14:57:58] [Render thread/INFO] (Minecraft) Created: 512x256x4 minecraft:textures/atlas/beds.png-atlas
[14:57:58] [Render thread/INFO] (Minecraft) Created: 512x256x4 minecraft:textures/atlas/shulker_boxes.png-atlas
[14:57:58] [Render thread/INFO] (Minecraft) Created: 512x256x0 minecraft:textures/atlas/particles.png-atlas
[14:57:58] [Render thread/INFO] (Minecraft) Created: 512x256x0 minecraft:textures/atlas/paintings.png-atlas
[14:57:58] [Render thread/INFO] (Minecraft) Created: 256x128x0 minecraft:textures/atlas/mob_effects.png-atlas
[14:57:58] [Render thread/INFO] (Minecraft) Created: 64x64x0 minecraft:textures/atlas/map_decorations.png-atlas
[14:57:58] [Render thread/INFO] (Minecraft) Created: 1024x512x0 minecraft:textures/atlas/gui.png-atlas
[14:57:58] [Render thread/WARN] (Minecraft) Shader rendertype_entity_translucent_emissive could not find sampler named Sampler2 in the specified shader program.
[14:58:36] [Render thread/INFO] (Minecraft) Loaded 1290 recipes
[14:58:36] [Render thread/INFO] (Minecraft) Loaded 1399 advancements
[14:58:49] [Render thread/INFO] (BiomeModificationImpl) Applied 0 biome modifications to 0 of 64 new biomes in 872.9 μs
[14:58:49] [Server thread/INFO] (Minecraft) Starting integrated minecraft server version 1.21.1
[14:58:49] [Server thread/INFO] (Minecraft) Generating keypair
[14:58:56] [Server thread/INFO] (Minecraft) Preparing start region for dimension minecraft:overworld
[14:58:56] [Render thread/INFO] (Minecraft) Preparing spawn area: 2%
[14:58:57] [Render thread/INFO] (Minecraft) Preparing spawn area: 2%
[14:58:57] [Render thread/INFO] (Minecraft) Preparing spawn area: 2%
[14:58:58] [Render thread/INFO] (Minecraft) Preparing spawn area: 2%
[14:58:58] [Render thread/INFO] (Minecraft) Preparing spawn area: 2%
[14:58:59] [Render thread/INFO] (Minecraft) Preparing spawn area: 4%
[14:58:59] [Render thread/INFO] (Minecraft) Preparing spawn area: 18%
[14:59:00] [Render thread/INFO] (Minecraft) Preparing spawn area: 18%
[14:59:00] [Render thread/INFO] (Minecraft) Preparing spawn area: 18%
[14:59:01] [Render thread/INFO] (Minecraft) Preparing spawn area: 22%
[14:59:01] [Render thread/INFO] (Minecraft) Preparing spawn area: 51%
[14:59:02] [Render thread/INFO] (Minecraft) Preparing spawn area: 51%
[14:59:02] [Render thread/INFO] (Minecraft) Preparing spawn area: 51%
[14:59:03] [Render thread/INFO] (Minecraft) Preparing spawn area: 51%
[14:59:03] [Render thread/INFO] (Minecraft) Preparing spawn area: 51%
[14:59:04] [Render thread/INFO] (Minecraft) Time elapsed: 7537 ms
[14:59:04] [Server thread/INFO] (Minecraft) Changing view distance to 12, from 10
[14:59:04] [Server thread/INFO] (Minecraft) Changing simulation distance to 12, from 0
[14:59:05] [Server thread/INFO] (Minecraft) Player517[local:E:e5ecb719] logged in with entity id 12 at (-102.5, 68.0, -37.5)
[14:59:05] [Server thread/INFO] (Minecraft) Player517 joined the game
[14:59:06] [Render thread/INFO] (Minecraft) Loaded 2 advancements
[14:59:30] [Render thread/INFO] (Minecraft) Loaded 3 advancements
[15:00:00] [Server thread/INFO] (Minecraft) [Player517: Gave 2000 [Wind Charge] to Player517]
[15:00:00] [Render thread/INFO] (Minecraft) [System] [CHAT] Gave 2000 [Wind Charge] to Player517
[15:00:01] [Render thread/INFO] (Minecraft) Loaded 4 advancements
[15:00:09] [Server thread/INFO] (Minecraft) Saving and pausing game...
[15:00:09] [Server thread/INFO] (Minecraft) Saving chunks for level 'ServerLevel[THE MOD!!!!!!!!!!!!!!!!!!!!!!!!!]'/minecraft:overworld
[15:00:09] [Server thread/INFO] (Minecraft) Saving chunks for level 'ServerLevel[THE MOD!!!!!!!!!!!!!!!!!!!!!!!!!]'/minecraft:the_nether
[15:00:09] [Server thread/INFO] (Minecraft) Saving chunks for level 'ServerLevel[THE MOD!!!!!!!!!!!!!!!!!!!!!!!!!]'/minecraft:the_end
[15:00:09] [Server thread/INFO] (Minecraft) Saving and pausing game...
[15:00:09] [Server thread/INFO] (Minecraft) Saving chunks for level 'ServerLevel[THE MOD!!!!!!!!!!!!!!!!!!!!!!!!!]'/minecraft:overworld
[15:00:10] [Server thread/INFO] (Minecraft) Saving chunks for level 'ServerLevel[THE MOD!!!!!!!!!!!!!!!!!!!!!!!!!]'/minecraft:the_nether
[15:00:10] [Server thread/INFO] (Minecraft) Saving chunks for level 'ServerLevel[THE MOD!!!!!!!!!!!!!!!!!!!!!!!!!]'/minecraft:the_end
[15:00:23] [Server thread/INFO] (Minecraft) [Player517: Set own game mode to Survival Mode]
[15:00:23] [Render thread/INFO] (Minecraft) [System] [CHAT] Set own game mode to Survival Mode
[15:00:27] [Render thread/INFO] (Minecraft) Loaded 24 advancements
[15:00:34] [Server thread/INFO] (Minecraft) Player517 has made the advancement [Who Needs Rockets?]
[15:00:34] [Render thread/INFO] (Minecraft) [System] [CHAT] Player517 has made the advancement [Who Needs Rockets?]
[15:00:34] [Render thread/INFO] (Minecraft) Loaded 27 advancements
[15:00:55] [Server thread/INFO] (Minecraft) Player517 has made the advancement [Monster Hunter]
[15:00:55] [Render thread/INFO] (Minecraft) [System] [CHAT] Player517 has made the advancement [Monster Hunter]
[15:00:55] [Render thread/INFO] (Minecraft) Loaded 63 advancements
[15:01:04] [Server thread/INFO] (Minecraft) Player517 was slain by Vindicator
[15:01:04] [Render thread/INFO] (Minecraft) [System] [CHAT] Player517 was slain by Vindicator
[15:01:09] [Server thread/INFO] (Minecraft) [Player517: Set own game mode to Creative Mode]
[15:01:09] [Render thread/INFO] (Minecraft) [System] [CHAT] Set own game mode to Creative Mode
[15:01:23] [Render thread/WARN] (Minecraft) Unable to play empty soundEvent: minecraft:entity.cod.ambient
[15:01:54] [Server thread/INFO] (Minecraft) [Player517: Set own game mode to Survival Mode]
[15:01:54] [Render thread/INFO] (Minecraft) [System] [CHAT] Set own game mode to Survival Mode
[15:02:03] [Server thread/INFO] (Minecraft) Player517 was slain by Vindicator
[15:02:03] [Render thread/INFO] (Minecraft) [System] [CHAT] Player517 was slain by Vindicator
[15:02:07] [Server thread/INFO] (Minecraft) Saving and pausing game...
[15:02:07] [Server thread/INFO] (Minecraft) Saving chunks for level 'ServerLevel[THE MOD!!!!!!!!!!!!!!!!!!!!!!!!!]'/minecraft:overworld
[15:02:07] [Server thread/INFO] (Minecraft) Saving chunks for level 'ServerLevel[THE MOD!!!!!!!!!!!!!!!!!!!!!!!!!]'/minecraft:the_nether
[15:02:07] [Server thread/INFO] (Minecraft) Saving chunks for level 'ServerLevel[THE MOD!!!!!!!!!!!!!!!!!!!!!!!!!]'/minecraft:the_end
[15:02:11] [Server thread/INFO] (Minecraft) Saving and pausing game...
[15:02:12] [Server thread/INFO] (Minecraft) Saving chunks for level 'ServerLevel[THE MOD!!!!!!!!!!!!!!!!!!!!!!!!!]'/minecraft:overworld
[15:02:14] [Server thread/INFO] (Minecraft) Saving chunks for level 'ServerLevel[THE MOD!!!!!!!!!!!!!!!!!!!!!!!!!]'/minecraft:the_nether
[15:02:15] [Server thread/INFO] (Minecraft) Saving chunks for level 'ServerLevel[THE MOD!!!!!!!!!!!!!!!!!!!!!!!!!]'/minecraft:the_end
[15:02:16] [Server thread/WARN] (Minecraft) Can't keep up! Is the server overloaded? Running 4601ms or 92 ticks behind
[15:03:15] [Server thread/INFO] (Minecraft) Player517 was slain by Vindicator
[15:03:15] [Render thread/INFO] (Minecraft) [System] [CHAT] Player517 was slain by Vindicator
[15:03:19] [Server thread/INFO] (Minecraft) [Player517: Set own game mode to Creative Mode]
[15:03:19] [Render thread/INFO] (Minecraft) [System] [CHAT] Set own game mode to Creative Mode
[15:03:52] [Server thread/INFO] (Minecraft) Player517 has made the advancement [Suit Up]
[15:03:52] [Render thread/INFO] (Minecraft) [System] [CHAT] Player517 has made the advancement [Suit Up]
[15:03:52] [Render thread/INFO] (Minecraft) Loaded 71 advancements
[15:04:12] [Server thread/INFO] (Minecraft) Player517 has made the advancement [Cover Me with Diamonds]
[15:04:12] [Render thread/INFO] (Minecraft) [System] [CHAT] Player517 has made the advancement [Cover Me with Diamonds]
[15:04:12] [Render thread/INFO] (Minecraft) Loaded 74 advancements
[15:04:22] [Server thread/INFO] (Minecraft) Saving and pausing game...
[15:04:23] [Server thread/INFO] (Minecraft) Saving chunks for level 'ServerLevel[THE MOD!!!!!!!!!!!!!!!!!!!!!!!!!]'/minecraft:overworld
[15:04:23] [Server thread/INFO] (Minecraft) Saving chunks for level 'ServerLevel[THE MOD!!!!!!!!!!!!!!!!!!!!!!!!!]'/minecraft:the_nether
[15:04:23] [Server thread/INFO] (Minecraft) Saving chunks for level 'ServerLevel[THE MOD!!!!!!!!!!!!!!!!!!!!!!!!!]'/minecraft:the_end
[15:04:38] [Server thread/INFO] (Minecraft) [Player517: Set own game mode to Survival Mode]
[15:04:38] [Render thread/INFO] (Minecraft) [System] [CHAT] Set own game mode to Survival Mode
[15:04:55] [Render thread/INFO] (Minecraft) Loaded 75 advancements
[15:04:59] [Server thread/INFO] (Minecraft) Saving and pausing game...
[15:05:00] [Server thread/INFO] (Minecraft) Saving chunks for level 'ServerLevel[THE MOD!!!!!!!!!!!!!!!!!!!!!!!!!]'/minecraft:overworld
[15:05:00] [Server thread/INFO] (Minecraft) Saving chunks for level 'ServerLevel[THE MOD!!!!!!!!!!!!!!!!!!!!!!!!!]'/minecraft:the_nether
[15:05:00] [Server thread/INFO] (Minecraft) Saving chunks for level 'ServerLevel[THE MOD!!!!!!!!!!!!!!!!!!!!!!!!!]'/minecraft:the_end
[15:06:17] [Server thread/INFO] (Minecraft) Player517 has made the advancement [Voluntary Exile]
[15:06:17] [Render thread/INFO] (Minecraft) [System] [CHAT] Player517 has made the advancement [Voluntary Exile]
[15:06:17] [Render thread/INFO] (Minecraft) Loaded 76 advancements
[15:06:44] [Server thread/INFO] (Minecraft) Player517 was slain by Vindicator
[15:06:44] [Render thread/INFO] (Minecraft) [System] [CHAT] Player517 was slain by Vindicator
[15:07:29] [Render thread/INFO] (Minecraft) Loaded 85 advancements
[15:07:36] [Render thread/INFO] (Minecraft) Loaded 85 advancements
[15:10:01] [Server thread/INFO] (Minecraft) Player517 was slain by Vindicator
[15:10:01] [Render thread/INFO] (Minecraft) [System] [CHAT] Player517 was slain by Vindicator
[15:10:05] [Server thread/INFO] (Minecraft) Saving and pausing game...
[15:10:06] [Server thread/INFO] (Minecraft) Saving chunks for level 'ServerLevel[THE MOD!!!!!!!!!!!!!!!!!!!!!!!!!]'/minecraft:overworld
[15:10:06] [Server thread/INFO] (Minecraft) Saving chunks for level 'ServerLevel[THE MOD!!!!!!!!!!!!!!!!!!!!!!!!!]'/minecraft:the_nether
[15:10:06] [Server thread/INFO] (Minecraft) Saving chunks for level 'ServerLevel[THE MOD!!!!!!!!!!!!!!!!!!!!!!!!!]'/minecraft:the_end
[15:10:07] [Server thread/INFO] (Minecraft) Player517 lost connection: Disconnected
[15:10:07] [Server thread/INFO] (Minecraft) Player517 left the game
[15:10:07] [Server thread/INFO] (Minecraft) Stopping singleplayer server as player logged out
[15:10:07] [Server thread/INFO] (Minecraft) Stopping server
[15:10:07] [Server thread/INFO] (Minecraft) Saving players
[15:10:07] [Server thread/INFO] (Minecraft) Saving worlds
[15:10:07] [Server thread/INFO] (Minecraft) Saving chunks for level 'ServerLevel[THE MOD!!!!!!!!!!!!!!!!!!!!!!!!!]'/minecraft:overworld
[15:10:10] [Server thread/INFO] (Minecraft) Saving chunks for level 'ServerLevel[THE MOD!!!!!!!!!!!!!!!!!!!!!!!!!]'/minecraft:the_nether
[15:10:10] [Server thread/INFO] (Minecraft) Saving chunks for level 'ServerLevel[THE MOD!!!!!!!!!!!!!!!!!!!!!!!!!]'/minecraft:the_end
[15:10:10] [Server thread/INFO] (Minecraft) ThreadedAnvilChunkStorage (THE MOD!!!!!!!!!!!!!!!!!!!!!!!!!): All chunks are saved
[15:10:10] [Server thread/INFO] (Minecraft) ThreadedAnvilChunkStorage (DIM-1): All chunks are saved
[15:10:10] [Server thread/INFO] (Minecraft) ThreadedAnvilChunkStorage (DIM1): All chunks are saved
[15:10:10] [Server thread/INFO] (Minecraft) ThreadedAnvilChunkStorage: All dimensions are saved
[15:10:12] [Render thread/INFO] (Minecraft) Stopping!
